<?xml version="1.0" encoding="UTF-8"?>
<!-- Generated by org.testng.reporters.JUnitReportReporter -->
<testsuite skipped="0" hostname="CSPLAP0075" name="com.inquiry.tests.ConsumerTrackRequestTest" tests="2" failures="0" timestamp="22 Jun 2019 18:19:13 GMT" time="11.554" errors="0">
  <testcase name="consumerTrackRequest" time="10.286" classname="com.inquiry.tests.ConsumerTrackRequestTest"/>
  <testcase name="choseFileToOpen" time="1.268" classname="com.inquiry.tests.ConsumerTrackRequestTest"/>
</testsuite> <!-- com.inquiry.tests.ConsumerTrackRequestTest -->
