<?xml version="1.0" encoding="UTF-8"?>
<!-- Generated by org.testng.reporters.JUnitReportReporter -->
<testsuite skipped="0" hostname="CSPLAP0137" name="com.inquiry.tests.VerificationTest" tests="1" failures="0" timestamp="20 Nov 2018 12:38:41 GMT" time="10.798" errors="0">
  <testcase name="verification" time="10.798" classname="com.inquiry.tests.VerificationTest"/>
</testsuite> <!-- com.inquiry.tests.VerificationTest -->
