<?xml version="1.0" encoding="UTF-8"?>
<!-- Generated by org.testng.reporters.JUnitReportReporter -->
<testsuite skipped="0" hostname="CSPLAP0055" name="com.inquiry.tests.HomeTest" tests="1" failures="0" timestamp="13 Jul 2018 12:55:29 GMT" time="1.365" errors="0">
  <testcase name="homefunction" time="1.365" classname="com.inquiry.tests.HomeTest"/>
</testsuite> <!-- com.inquiry.tests.HomeTest -->
