<?xml version="1.0" encoding="UTF-8"?>
<!-- Generated by org.testng.reporters.JUnitReportReporter -->
<testsuite skipped="0" hostname="CSPLAP0075" name="com.inquiry.tests.ConsumerTest" tests="1" failures="0" timestamp="22 Jun 2019 18:19:13 GMT" time="12.337" errors="0">
  <testcase name="ConsumerPage" time="12.337" classname="com.inquiry.tests.ConsumerTest"/>
</testsuite> <!-- com.inquiry.tests.ConsumerTest -->
