<?xml version="1.0" encoding="UTF-8"?>
<!-- Generated by org.testng.reporters.JUnitReportReporter -->
<testsuite skipped="0" hostname="CSPLAP0137" name="com.inquiry.tests.individualTest" tests="1" failures="0" timestamp="20 Nov 2018 12:18:10 GMT" time="5.228" errors="0">
  <testcase name="individualProduct" time="5.228" classname="com.inquiry.tests.individualTest"/>
</testsuite> <!-- com.inquiry.tests.individualTest -->
