<?xml version="1.0" encoding="UTF-8"?>
<!-- Generated by org.testng.reporters.JUnitReportReporter -->
<testsuite skipped="0" hostname="CSPLAP0055" name="com.inquiry.tests.searchEngineTest" tests="1" failures="0" timestamp="13 Jul 2018 12:55:29 GMT" time="4.830" errors="0">
  <testcase name="homefunction" time="4.830" classname="com.inquiry.tests.searchEngineTest"/>
</testsuite> <!-- com.inquiry.tests.searchEngineTest -->
