<?xml version="1.0" encoding="UTF-8"?>
<!-- Generated by org.testng.reporters.JUnitReportReporter -->
<testsuite skipped="0" hostname="CSPLAP0055" name="com.inquiry.tests.CommercialAceDataTest" tests="1" failures="0" timestamp="13 Jul 2018 12:55:29 GMT" time="9.204" errors="0">
  <testcase name="DataPageFunction" time="9.204" classname="com.inquiry.tests.CommercialAceDataTest"/>
</testsuite> <!-- com.inquiry.tests.CommercialAceDataTest -->
