<?xml version="1.0" encoding="UTF-8"?>
<!-- Generated by org.testng.reporters.JUnitReportReporter -->
<testsuite skipped="0" hostname="CSPLAP0075" name="com.inquiry.tests.AdvanceOverLapPLUSTestReportTest" tests="1" failures="0" timestamp="10 Apr 2019 11:18:09 GMT" time="12.438" errors="0">
  <testcase name="advancedoverlapPLUSPage" time="12.438" classname="com.inquiry.tests.AdvanceOverLapPLUSTestReportTest"/>
</testsuite> <!-- com.inquiry.tests.AdvanceOverLapPLUSTestReportTest -->
