<?xml version="1.0" encoding="UTF-8"?>
<!-- Generated by org.testng.reporters.JUnitReportReporter -->
<testsuite skipped="0" hostname="CSPLAP0075" name="com.inquiry.tests.AdvanceGroupReport" tests="1" failures="0" timestamp="20 Jun 2019 03:29:58 GMT" time="9.062" errors="0">
  <testcase name="advancedoverGroupReport" time="9.062" classname="com.inquiry.tests.AdvanceGroupReport"/>
</testsuite> <!-- com.inquiry.tests.AdvanceGroupReport -->
