<?xml version="1.0" encoding="UTF-8"?>
<!-- Generated by org.testng.reporters.JUnitReportReporter -->
<testsuite skipped="0" hostname="CSPLAP0137" name="com.inquiry.tests.TrackRequestTest" tests="1" failures="0" timestamp="13 Nov 2018 09:36:41 GMT" time="5.004" errors="0">
  <testcase name="trackRequestPage" time="5.004" classname="com.inquiry.tests.TrackRequestTest"/>
</testsuite> <!-- com.inquiry.tests.TrackRequestTest -->
