<?xml version="1.0" encoding="UTF-8"?>
<!-- Generated by org.testng.reporters.JUnitReportReporter -->
<testsuite skipped="0" hostname="CSPLAP0137" name="com.inquiry.tests.indvBulkTest" tests="1" failures="0" timestamp="21 Nov 2018 07:10:19 GMT" time="1.361" errors="0">
  <testcase name="IndvBulkPage" time="1.361" classname="com.inquiry.tests.indvBulkTest"/>
</testsuite> <!-- com.inquiry.tests.indvBulkTest -->
