<?xml version="1.0" encoding="UTF-8"?>
<!-- Generated by org.testng.reporters.JUnitReportReporter -->
<testsuite skipped="0" hostname="CSPLAP0075" name="com.inquiry.tests.AdvanceOverLapPlusReport" tests="1" failures="0" timestamp="20 Jun 2019 10:19:48 GMT" time="10.908" errors="0">
  <testcase name="advancedoverlapPLUSPage" time="10.908" classname="com.inquiry.tests.AdvanceOverLapPlusReport"/>
</testsuite> <!-- com.inquiry.tests.AdvanceOverLapPlusReport -->
