<?xml version="1.0" encoding="UTF-8"?>
<!-- Generated by org.testng.reporters.JUnitReportReporter -->
<testsuite skipped="0" hostname="CSPLAP0137" name="com.inquiry.tests.InquiryTest" tests="1" failures="0" timestamp="04 Sep 2018 05:29:16 GMT" time="2.127" errors="0">
  <testcase name="enterCredtional" time="2.127" classname="com.inquiry.tests.InquiryTest"/>
</testsuite> <!-- com.inquiry.tests.InquiryTest -->
