<?xml version="1.0" encoding="UTF-8"?>
<!-- Generated by org.testng.reporters.JUnitReportReporter -->
<testsuite skipped="0" hostname="CSPLAP0137" name="com.inquiry.tests.CommercialTest" tests="1" failures="0" timestamp="05 Dec 2018 11:26:43 GMT" time="33.430" errors="0">
  <testcase name="Commercialtest" time="33.430" classname="com.inquiry.tests.CommercialTest"/>
</testsuite> <!-- com.inquiry.tests.CommercialTest -->
